<?xml version="1.0" encoding="UTF-8"?>
<testsuite name="no.skatteetaten.aurora.ZipkinPropertiesListenerTest$OpenshiftProfile" tests="1" skipped="0" failures="0" errors="0" timestamp="2022-11-02T11:31:43" hostname="SKE-DM3HQ-MD6T" time="0.003">
  <properties/>
  <testcase name="Openshift profile()" classname="no.skatteetaten.aurora.ZipkinPropertiesListenerTest$OpenshiftProfile" time="0.003"/>
  <system-out><![CDATA[2022-11-02 12:31:43.182  INFO 47008 --- [    Test worker] .b.t.c.SpringBootTestContextBootstrapper : Neither @ContextConfiguration nor @ContextHierarchy found for test class [no.skatteetaten.aurora.ZipkinPropertiesListenerTest$OpenshiftProfile], using SpringBootContextLoader
2022-11-02 12:31:43.183  INFO 47008 --- [    Test worker] o.s.t.c.support.AbstractContextLoader    : Could not detect default resource locations for test class [no.skatteetaten.aurora.ZipkinPropertiesListenerTest$OpenshiftProfile]: no resource found for suffixes {-context.xml, Context.groovy}.
2022-11-02 12:31:43.187  INFO 47008 --- [    Test worker] .b.t.c.SpringBootTestContextBootstrapper : Loaded default TestExecutionListener class names from location [META-INF/spring.factories]: [org.springframework.boot.test.autoconfigure.restdocs.RestDocsTestExecutionListener, org.springframework.boot.test.autoconfigure.web.client.MockRestServiceServerResetTestExecutionListener, org.springframework.boot.test.autoconfigure.web.servlet.MockMvcPrintOnlyOnFailureTestExecutionListener, org.springframework.boot.test.autoconfigure.web.servlet.WebDriverTestExecutionListener, org.springframework.boot.test.autoconfigure.webservices.client.MockWebServiceServerTestExecutionListener, org.springframework.boot.test.mock.mockito.MockitoTestExecutionListener, org.springframework.boot.test.mock.mockito.ResetMocksTestExecutionListener, org.springframework.test.context.web.ServletTestExecutionListener, org.springframework.test.context.support.DirtiesContextBeforeModesTestExecutionListener, org.springframework.test.context.event.ApplicationEventsTestExecutionListener, org.springframework.test.context.support.DependencyInjectionTestExecutionListener, org.springframework.test.context.support.DirtiesContextTestExecutionListener, org.springframework.test.context.transaction.TransactionalTestExecutionListener, org.springframework.test.context.jdbc.SqlScriptsTestExecutionListener, org.springframework.test.context.event.EventPublishingTestExecutionListener]
2022-11-02 12:31:43.189  INFO 47008 --- [    Test worker] .b.t.c.SpringBootTestContextBootstrapper : Using TestExecutionListeners: [org.springframework.test.context.support.DirtiesContextBeforeModesTestExecutionListener@545df2c5, org.springframework.test.context.event.ApplicationEventsTestExecutionListener@365c62d5, org.springframework.boot.test.mock.mockito.MockitoTestExecutionListener@15944e4e, org.springframework.boot.test.autoconfigure.SpringBootDependencyInjectionTestExecutionListener@4512af0e, org.springframework.test.context.support.DirtiesContextTestExecutionListener@7ee2a6b3, org.springframework.test.context.event.EventPublishingTestExecutionListener@2bfd3970, org.springframework.boot.test.autoconfigure.restdocs.RestDocsTestExecutionListener@1c2cf47f, org.springframework.boot.test.autoconfigure.web.client.MockRestServiceServerResetTestExecutionListener@4c16522b, org.springframework.boot.test.autoconfigure.web.servlet.MockMvcPrintOnlyOnFailureTestExecutionListener@272aa224, org.springframework.boot.test.autoconfigure.web.servlet.WebDriverTestExecutionListener@655e2908, org.springframework.boot.test.autoconfigure.webservices.client.MockWebServiceServerTestExecutionListener@1e2aa6d0, org.springframework.boot.test.mock.mockito.ResetMocksTestExecutionListener@60d33834]

  .   ____          _            __ _ _
 /\\ / ___'_ __ _ _(_)_ __  __ _ \ \ \ \
( ( )\___ | '_ | '_| | '_ \/ _` | \ \ \ \
 \\/  ___)| |_)| | | | | || (_| |  ) ) ) )
  '  |____| .__|_| |_|_| |_\__, | / / / /
 =========|_|==============|___/=/_/_/_/
 :: Spring Boot ::                (v2.7.3)

2022-11-02 12:31:43.220  INFO 47008 --- [    Test worker] nPropertiesListenerTest$OpenshiftProfile : Starting ZipkinPropertiesListenerTest.OpenshiftProfile using Java 11.0.11 on SKE-DM3HQ-MD6T with PID 47008 (started by k82814 in /Users/k82814/workspace/kotlin/aurora-spring-boot-base-starter)
2022-11-02 12:31:43.220  INFO 47008 --- [    Test worker] nPropertiesListenerTest$OpenshiftProfile : The following 1 profile is active: "openshift"
2022-11-02 12:31:43.239  INFO 47008 --- [    Test worker] nPropertiesListenerTest$OpenshiftProfile : Started ZipkinPropertiesListenerTest.OpenshiftProfile in 0.049 seconds (JVM running for 3.774)
]]></system-out>
  <system-err><![CDATA[]]></system-err>
</testsuite>
