<?xml version="1.0" encoding="UTF-8"?>
<testsuite name="no.skatteetaten.aurora.config.BaseStarterApplicationConfigTest" tests="1" skipped="0" failures="0" errors="0" timestamp="2022-11-02T11:31:43" hostname="SKE-DM3HQ-MD6T" time="0.002">
  <properties/>
  <testcase name="Initialize base config and load properties()" classname="no.skatteetaten.aurora.config.BaseStarterApplicationConfigTest" time="0.002"/>
  <system-out><![CDATA[2022-11-02 12:31:43.302  INFO 47008 --- [    Test worker] .b.t.c.SpringBootTestContextBootstrapper : Neither @ContextConfiguration nor @ContextHierarchy found for test class [no.skatteetaten.aurora.config.BaseStarterApplicationConfigTest], using SpringBootContextLoader
2022-11-02 12:31:43.302  INFO 47008 --- [    Test worker] o.s.t.c.support.AbstractContextLoader    : Could not detect default resource locations for test class [no.skatteetaten.aurora.config.BaseStarterApplicationConfigTest]: no resource found for suffixes {-context.xml, Context.groovy}.
2022-11-02 12:31:43.306  INFO 47008 --- [    Test worker] .b.t.c.SpringBootTestContextBootstrapper : Loaded default TestExecutionListener class names from location [META-INF/spring.factories]: [org.springframework.boot.test.autoconfigure.restdocs.RestDocsTestExecutionListener, org.springframework.boot.test.autoconfigure.web.client.MockRestServiceServerResetTestExecutionListener, org.springframework.boot.test.autoconfigure.web.servlet.MockMvcPrintOnlyOnFailureTestExecutionListener, org.springframework.boot.test.autoconfigure.web.servlet.WebDriverTestExecutionListener, org.springframework.boot.test.autoconfigure.webservices.client.MockWebServiceServerTestExecutionListener, org.springframework.boot.test.mock.mockito.MockitoTestExecutionListener, org.springframework.boot.test.mock.mockito.ResetMocksTestExecutionListener, org.springframework.test.context.web.ServletTestExecutionListener, org.springframework.test.context.support.DirtiesContextBeforeModesTestExecutionListener, org.springframework.test.context.event.ApplicationEventsTestExecutionListener, org.springframework.test.context.support.DependencyInjectionTestExecutionListener, org.springframework.test.context.support.DirtiesContextTestExecutionListener, org.springframework.test.context.transaction.TransactionalTestExecutionListener, org.springframework.test.context.jdbc.SqlScriptsTestExecutionListener, org.springframework.test.context.event.EventPublishingTestExecutionListener]
2022-11-02 12:31:43.307  INFO 47008 --- [    Test worker] .b.t.c.SpringBootTestContextBootstrapper : Using TestExecutionListeners: [org.springframework.test.context.support.DirtiesContextBeforeModesTestExecutionListener@13bf0814, org.springframework.test.context.event.ApplicationEventsTestExecutionListener@6982fae, org.springframework.boot.test.mock.mockito.MockitoTestExecutionListener@104d07a8, org.springframework.boot.test.autoconfigure.SpringBootDependencyInjectionTestExecutionListener@6fa53b0d, org.springframework.test.context.support.DirtiesContextTestExecutionListener@4b16145, org.springframework.test.context.event.EventPublishingTestExecutionListener@4393cb22, org.springframework.boot.test.autoconfigure.restdocs.RestDocsTestExecutionListener@3b1bf4bf, org.springframework.boot.test.autoconfigure.web.client.MockRestServiceServerResetTestExecutionListener@7d20cd82, org.springframework.boot.test.autoconfigure.web.servlet.MockMvcPrintOnlyOnFailureTestExecutionListener@7294202a, org.springframework.boot.test.autoconfigure.web.servlet.WebDriverTestExecutionListener@2f832f81, org.springframework.boot.test.autoconfigure.webservices.client.MockWebServiceServerTestExecutionListener@4b5998c2, org.springframework.boot.test.mock.mockito.ResetMocksTestExecutionListener@30ee00f6]
]]></system-out>
  <system-err><![CDATA[]]></system-err>
</testsuite>
