<?xml version="1.0" encoding="UTF-8"?>
<testsuite name="no.skatteetaten.aurora.ZipkinPropertiesListenerTest$OpenshiftProfileZipkinDisabled" tests="1" skipped="0" failures="0" errors="0" timestamp="2022-11-02T11:31:43" hostname="SKE-DM3HQ-MD6T" time="0.002">
  <properties/>
  <testcase name="Openshift profile with zipkin disabled()" classname="no.skatteetaten.aurora.ZipkinPropertiesListenerTest$OpenshiftProfileZipkinDisabled" time="0.002"/>
  <system-out><![CDATA[2022-11-02 12:31:43.249  INFO 47008 --- [    Test worker] .b.t.c.SpringBootTestContextBootstrapper : Neither @ContextConfiguration nor @ContextHierarchy found for test class [no.skatteetaten.aurora.ZipkinPropertiesListenerTest$OpenshiftProfileZipkinDisabled], using SpringBootContextLoader
2022-11-02 12:31:43.250  INFO 47008 --- [    Test worker] o.s.t.c.support.AbstractContextLoader    : Could not detect default resource locations for test class [no.skatteetaten.aurora.ZipkinPropertiesListenerTest$OpenshiftProfileZipkinDisabled]: no resource found for suffixes {-context.xml, Context.groovy}.
2022-11-02 12:31:43.254  INFO 47008 --- [    Test worker] .b.t.c.SpringBootTestContextBootstrapper : Loaded default TestExecutionListener class names from location [META-INF/spring.factories]: [org.springframework.boot.test.autoconfigure.restdocs.RestDocsTestExecutionListener, org.springframework.boot.test.autoconfigure.web.client.MockRestServiceServerResetTestExecutionListener, org.springframework.boot.test.autoconfigure.web.servlet.MockMvcPrintOnlyOnFailureTestExecutionListener, org.springframework.boot.test.autoconfigure.web.servlet.WebDriverTestExecutionListener, org.springframework.boot.test.autoconfigure.webservices.client.MockWebServiceServerTestExecutionListener, org.springframework.boot.test.mock.mockito.MockitoTestExecutionListener, org.springframework.boot.test.mock.mockito.ResetMocksTestExecutionListener, org.springframework.test.context.web.ServletTestExecutionListener, org.springframework.test.context.support.DirtiesContextBeforeModesTestExecutionListener, org.springframework.test.context.event.ApplicationEventsTestExecutionListener, org.springframework.test.context.support.DependencyInjectionTestExecutionListener, org.springframework.test.context.support.DirtiesContextTestExecutionListener, org.springframework.test.context.transaction.TransactionalTestExecutionListener, org.springframework.test.context.jdbc.SqlScriptsTestExecutionListener, org.springframework.test.context.event.EventPublishingTestExecutionListener]
2022-11-02 12:31:43.255  INFO 47008 --- [    Test worker] .b.t.c.SpringBootTestContextBootstrapper : Using TestExecutionListeners: [org.springframework.test.context.support.DirtiesContextBeforeModesTestExecutionListener@605d942c, org.springframework.test.context.event.ApplicationEventsTestExecutionListener@39e17209, org.springframework.boot.test.mock.mockito.MockitoTestExecutionListener@3bf27b93, org.springframework.boot.test.autoconfigure.SpringBootDependencyInjectionTestExecutionListener@5132ea9b, org.springframework.test.context.support.DirtiesContextTestExecutionListener@5d42e865, org.springframework.test.context.event.EventPublishingTestExecutionListener@6f01b8fe, org.springframework.boot.test.autoconfigure.restdocs.RestDocsTestExecutionListener@4707686e, org.springframework.boot.test.autoconfigure.web.client.MockRestServiceServerResetTestExecutionListener@1a72427, org.springframework.boot.test.autoconfigure.web.servlet.MockMvcPrintOnlyOnFailureTestExecutionListener@4b6ce5b6, org.springframework.boot.test.autoconfigure.web.servlet.WebDriverTestExecutionListener@2948726d, org.springframework.boot.test.autoconfigure.webservices.client.MockWebServiceServerTestExecutionListener@55f02b32, org.springframework.boot.test.mock.mockito.ResetMocksTestExecutionListener@6d4eabb7]

  .   ____          _            __ _ _
 /\\ / ___'_ __ _ _(_)_ __  __ _ \ \ \ \
( ( )\___ | '_ | '_| | '_ \/ _` | \ \ \ \
 \\/  ___)| |_)| | | | | || (_| |  ) ) ) )
  '  |____| .__|_| |_|_| |_\__, | / / / /
 =========|_|==============|___/=/_/_/_/
 :: Spring Boot ::                (v2.7.3)

2022-11-02 12:31:43.274  INFO 47008 --- [    Test worker] tenerTest$OpenshiftProfileZipkinDisabled : Starting ZipkinPropertiesListenerTest.OpenshiftProfileZipkinDisabled using Java 11.0.11 on SKE-DM3HQ-MD6T with PID 47008 (started by k82814 in /Users/k82814/workspace/kotlin/aurora-spring-boot-base-starter)
2022-11-02 12:31:43.274  INFO 47008 --- [    Test worker] tenerTest$OpenshiftProfileZipkinDisabled : The following 1 profile is active: "openshift"
2022-11-02 12:31:43.294  INFO 47008 --- [    Test worker] tenerTest$OpenshiftProfileZipkinDisabled : Started ZipkinPropertiesListenerTest.OpenshiftProfileZipkinDisabled in 0.037 seconds (JVM running for 3.828)
]]></system-out>
  <system-err><![CDATA[]]></system-err>
</testsuite>
