<?xml version="1.0" encoding="UTF-8"?>
<testsuite name="no.skatteetaten.aurora.AuroraMetricsTest" tests="2" skipped="0" failures="0" errors="0" timestamp="2022-11-02T11:31:42" hostname="SKE-DM3HQ-MD6T" time="0.536">
  <properties/>
  <testcase name="Metrics registers operations timer and counters()" classname="no.skatteetaten.aurora.AuroraMetricsTest" time="0.53"/>
  <testcase name="Register timer when exception is thrown()" classname="no.skatteetaten.aurora.AuroraMetricsTest" time="0.005"/>
  <system-out><![CDATA[12:31:41.201 [Test worker] DEBUG org.springframework.test.context.BootstrapUtils - Instantiating CacheAwareContextLoaderDelegate from class [org.springframework.test.context.cache.DefaultCacheAwareContextLoaderDelegate]
12:31:41.224 [Test worker] DEBUG org.springframework.test.context.BootstrapUtils - Instantiating BootstrapContext using constructor [public org.springframework.test.context.support.DefaultBootstrapContext(java.lang.Class,org.springframework.test.context.CacheAwareContextLoaderDelegate)]
12:31:41.274 [Test worker] DEBUG org.springframework.test.context.BootstrapUtils - Instantiating TestContextBootstrapper for test class [no.skatteetaten.aurora.AuroraMetricsTest] from class [org.springframework.boot.test.context.SpringBootTestContextBootstrapper]
12:31:41.301 [Test worker] INFO org.springframework.boot.test.context.SpringBootTestContextBootstrapper - Neither @ContextConfiguration nor @ContextHierarchy found for test class [no.skatteetaten.aurora.AuroraMetricsTest], using SpringBootContextLoader
12:31:41.308 [Test worker] DEBUG org.springframework.test.context.support.AbstractContextLoader - Did not detect default resource location for test class [no.skatteetaten.aurora.AuroraMetricsTest]: class path resource [no/skatteetaten/aurora/AuroraMetricsTest-context.xml] does not exist
12:31:41.308 [Test worker] DEBUG org.springframework.test.context.support.AbstractContextLoader - Did not detect default resource location for test class [no.skatteetaten.aurora.AuroraMetricsTest]: class path resource [no/skatteetaten/aurora/AuroraMetricsTestContext.groovy] does not exist
12:31:41.309 [Test worker] INFO org.springframework.test.context.support.AbstractContextLoader - Could not detect default resource locations for test class [no.skatteetaten.aurora.AuroraMetricsTest]: no resource found for suffixes {-context.xml, Context.groovy}.
12:31:41.385 [Test worker] DEBUG org.springframework.test.context.support.ActiveProfilesUtils - Could not find an 'annotation declaring class' for annotation type [org.springframework.test.context.ActiveProfiles] and class [no.skatteetaten.aurora.AuroraMetricsTest]
12:31:41.555 [Test worker] DEBUG org.springframework.boot.test.context.SpringBootTestContextBootstrapper - @TestExecutionListeners is not present for class [no.skatteetaten.aurora.AuroraMetricsTest]: using defaults.
12:31:41.556 [Test worker] INFO org.springframework.boot.test.context.SpringBootTestContextBootstrapper - Loaded default TestExecutionListener class names from location [META-INF/spring.factories]: [org.springframework.boot.test.autoconfigure.restdocs.RestDocsTestExecutionListener, org.springframework.boot.test.autoconfigure.web.client.MockRestServiceServerResetTestExecutionListener, org.springframework.boot.test.autoconfigure.web.servlet.MockMvcPrintOnlyOnFailureTestExecutionListener, org.springframework.boot.test.autoconfigure.web.servlet.WebDriverTestExecutionListener, org.springframework.boot.test.autoconfigure.webservices.client.MockWebServiceServerTestExecutionListener, org.springframework.boot.test.mock.mockito.MockitoTestExecutionListener, org.springframework.boot.test.mock.mockito.ResetMocksTestExecutionListener, org.springframework.test.context.web.ServletTestExecutionListener, org.springframework.test.context.support.DirtiesContextBeforeModesTestExecutionListener, org.springframework.test.context.event.ApplicationEventsTestExecutionListener, org.springframework.test.context.support.DependencyInjectionTestExecutionListener, org.springframework.test.context.support.DirtiesContextTestExecutionListener, org.springframework.test.context.transaction.TransactionalTestExecutionListener, org.springframework.test.context.jdbc.SqlScriptsTestExecutionListener, org.springframework.test.context.event.EventPublishingTestExecutionListener]
12:31:41.578 [Test worker] DEBUG org.springframework.boot.test.context.SpringBootTestContextBootstrapper - Skipping candidate TestExecutionListener [org.springframework.test.context.web.ServletTestExecutionListener] due to a missing dependency. Specify custom listener classes or make the default listener classes and their required dependencies available. Offending class: [javax/servlet/ServletContext]
12:31:41.581 [Test worker] DEBUG org.springframework.boot.test.context.SpringBootTestContextBootstrapper - Skipping candidate TestExecutionListener [org.springframework.test.context.transaction.TransactionalTestExecutionListener] due to a missing dependency. Specify custom listener classes or make the default listener classes and their required dependencies available. Offending class: [org/springframework/transaction/TransactionDefinition]
12:31:41.582 [Test worker] DEBUG org.springframework.boot.test.context.SpringBootTestContextBootstrapper - Skipping candidate TestExecutionListener [org.springframework.test.context.jdbc.SqlScriptsTestExecutionListener] due to a missing dependency. Specify custom listener classes or make the default listener classes and their required dependencies available. Offending class: [org/springframework/transaction/interceptor/TransactionAttribute]
12:31:41.582 [Test worker] INFO org.springframework.boot.test.context.SpringBootTestContextBootstrapper - Using TestExecutionListeners: [org.springframework.test.context.support.DirtiesContextBeforeModesTestExecutionListener@642c5bb3, org.springframework.test.context.event.ApplicationEventsTestExecutionListener@4e79c25, org.springframework.boot.test.mock.mockito.MockitoTestExecutionListener@2ace1cd3, org.springframework.boot.test.autoconfigure.SpringBootDependencyInjectionTestExecutionListener@5e46a125, org.springframework.test.context.support.DirtiesContextTestExecutionListener@5831989d, org.springframework.test.context.event.EventPublishingTestExecutionListener@608f310a, org.springframework.boot.test.autoconfigure.restdocs.RestDocsTestExecutionListener@3a7d914c, org.springframework.boot.test.autoconfigure.web.client.MockRestServiceServerResetTestExecutionListener@515940af, org.springframework.boot.test.autoconfigure.web.servlet.MockMvcPrintOnlyOnFailureTestExecutionListener@5f8df69, org.springframework.boot.test.autoconfigure.web.servlet.WebDriverTestExecutionListener@1ce6a9bd, org.springframework.boot.test.autoconfigure.webservices.client.MockWebServiceServerTestExecutionListener@4a47bc9c, org.springframework.boot.test.mock.mockito.ResetMocksTestExecutionListener@5100c143]
12:31:41.592 [Test worker] DEBUG org.springframework.test.context.support.DependencyInjectionTestExecutionListener - Performing dependency injection for test context [[DefaultTestContext@4e3ffd0 testClass = AuroraMetricsTest, testInstance = no.skatteetaten.aurora.AuroraMetricsTest@5ca86715, testMethod = [null], testException = [null], mergedContextConfiguration = [MergedContextConfiguration@53d808ea testClass = AuroraMetricsTest, locations = '{}', classes = '{class no.skatteetaten.aurora.TestConfig, class no.skatteetaten.aurora.AuroraMetrics}', contextInitializerClasses = '[]', activeProfiles = '{}', propertySourceLocations = '{}', propertySourceProperties = '{org.springframework.boot.test.context.SpringBootTestContextBootstrapper=true}', contextCustomizers = set[org.springframework.boot.test.autoconfigure.actuate.metrics.MetricsExportContextCustomizerFactory$DisableMetricExportContextCustomizer@3356ff58, org.springframework.boot.test.autoconfigure.properties.PropertyMappingContextCustomizer@0, org.springframework.boot.test.autoconfigure.web.servlet.WebDriverContextCustomizerFactory$Customizer@22c8ee48, org.springframework.boot.test.context.filter.ExcludeFilterContextCustomizer@6e5f5478, org.springframework.boot.test.json.DuplicateJsonObjectContextCustomizerFactory$DuplicateJsonObjectContextCustomizer@579846cc, org.springframework.boot.test.mock.mockito.MockitoContextCustomizer@0, org.springframework.boot.test.web.client.TestRestTemplateContextCustomizer@7c4d1c7b, org.springframework.boot.test.context.SpringBootTestArgs@1, org.springframework.boot.test.context.SpringBootTestWebEnvironment@7d199c68], contextLoader = 'org.springframework.boot.test.context.SpringBootContextLoader', parent = [null]], attributes = map['org.springframework.test.context.event.ApplicationEventsTestExecutionListener.recordApplicationEvents' -> false]]].

  .   ____          _            __ _ _
 /\\ / ___'_ __ _ _(_)_ __  __ _ \ \ \ \
( ( )\___ | '_ | '_| | '_ \/ _` | \ \ \ \
 \\/  ___)| |_)| | | | | || (_| |  ) ) ) )
  '  |____| .__|_| |_|_| |_\__, | / / / /
 =========|_|==============|___/=/_/_/_/
 :: Spring Boot ::                (v2.7.3)

2022-11-02 12:31:42.126  INFO 47008 --- [    Test worker] n.skatteetaten.aurora.AuroraMetricsTest  : Starting AuroraMetricsTest using Java 11.0.11 on SKE-DM3HQ-MD6T with PID 47008 (started by k82814 in /Users/k82814/workspace/kotlin/aurora-spring-boot-base-starter)
2022-11-02 12:31:42.128  INFO 47008 --- [    Test worker] n.skatteetaten.aurora.AuroraMetricsTest  : No active profile set, falling back to 1 default profile: "default"
2022-11-02 12:31:42.461  INFO 47008 --- [    Test worker] n.skatteetaten.aurora.AuroraMetricsTest  : Started AuroraMetricsTest in 0.831 seconds (JVM running for 2.996)
]]></system-out>
  <system-err><![CDATA[]]></system-err>
</testsuite>
